<?xml version="1.0" encoding="UTF-8"?>
<!-- Generated by org.testng.reporters.JUnitReportReporter -->
<testsuite hostname="BLACKY" failures="0" tests="4" name="org.jpg.com.UsingArithemiticLogic" time="0.000" errors="0" timestamp="2023-06-26T16:02:56 IST" skipped="0">
  <testcase classname="org.jpg.com.UsingArithemiticLogic" name="additingMethod" time="0.000"/>
  <system-out/>
  <testcase classname="org.jpg.com.UsingArithemiticLogic" name="mulMethod" time="0.000"/>
  <system-out/>
  <testcase classname="org.jpg.com.UsingArithemiticLogic" name="subMethod" time="0.000"/>
  <system-out/>
  <testcase classname="org.jpg.com.UsingArithemiticLogic" name="divMethod" time="0.000"/>
  <system-out/>
</testsuite> <!-- org.jpg.com.UsingArithemiticLogic -->
