<?xml version="1.0" encoding="UTF-8"?>
<!-- Generated by org.testng.reporters.JUnitReportReporter -->
<testsuite hostname="BLACKY" failures="0" tests="2" name="org.jpg.com.UsingTestNGAnnotations" time="28.485" errors="0" timestamp="2023-06-26T16:02:56 IST" skipped="0">
  <testcase classname="org.jpg.com.UsingTestNGAnnotations" name="facebook" time="4.534"/>
  <system-out/>
  <testcase classname="org.jpg.com.UsingTestNGAnnotations" name="google" time="23.951"/>
  <system-out/>
</testsuite> <!-- org.jpg.com.UsingTestNGAnnotations -->
